<?xml version="1.0" encoding="UTF-8"?>
<testsuite xmlns:xsi="http://www.w3.org/2001/XMLSchema-instance" xsi:noNamespaceSchemaLocation="https://maven.apache.org/surefire/maven-surefire-plugin/xsd/surefire-test-report.xsd" name="TestSuite" time="17.334" tests="2" errors="0" skipped="0" failures="0">
  <properties>
[...]
</properties>
  <testcase name="f" classname="BusinessLogicTestCases.TestCase2" time="8.823"/>
  <testcase name="LoginScenario" classname="BusinessLogicTestCases.TestCase1" time="7.951"/>
</testsuite>