<?xml version="1.0" encoding="UTF-8"?>
<testng-results skipped="0" failed="0" total="2" passed="2">
  <reporter-output>
  </reporter-output>
  <suite name="Suite" duration-ms="16788" started-at="2019-02-05T01:05:10Z" finished-at="2019-02-05T01:05:27Z">
    <groups>
    </groups>
    <test name="Test" duration-ms="16788" started-at="2019-02-05T01:05:10Z" finished-at="2019-02-05T01:05:27Z">
      <class name="BusinessLogicTestCases.TestCase1">
        <test-method status="PASS" signature="LoginScenario()[pri:0, instance:BusinessLogicTestCases.TestCase1@234bef66]" name="LoginScenario" duration-ms="7951" started-at="2019-02-04T17:05:19Z" finished-at="2019-02-04T17:05:27Z">
          <reporter-output>
          </reporter-output>
        </test-method> <!-- LoginScenario -->
      </class> <!-- BusinessLogicTestCases.TestCase1 -->
      <class name="BusinessLogicTestCases.TestCase2">
        <test-method status="PASS" signature="f()[pri:0, instance:BusinessLogicTestCases.TestCase2@617c74e5]" name="f" duration-ms="8824" started-at="2019-02-04T17:05:10Z" finished-at="2019-02-04T17:05:19Z">
          <reporter-output>
          </reporter-output>
        </test-method> <!-- f -->
      </class> <!-- BusinessLogicTestCases.TestCase2 -->
    </test> <!-- Test -->
  </suite> <!-- Suite -->
</testng-results>
